<?xml version="1.0" encoding="UTF-8"?>
<!-- Generated by org.testng.reporters.JUnitXMLReporter -->
<testsuite ignored="0" hostname="Priya" failures="0" tests="3" name="Test" time="67.737" errors="0" timestamp="2022-11-21T17:31:01 PST">
  <testcase classname="Test.RegisterTest" name="Register" time="11.208"/>
  <testcase classname="Test.ApparelAndShoesTest" name="Apparelandshoes" time="21.536"/>
  <testcase classname="Test.ApparelAndShoesTest" name="shopping" time="7.624"/>
</testsuite> <!-- Test -->
