<?xml version="1.0" encoding="UTF-8"?>
<testng-results ignored="0" total="3" passed="3" failed="0" skipped="0">
  <reporter-output>
    <line>
      <![CDATA[Clicked on Register link]]>
    </line>
    <line>
      <![CDATA[Login page is displayed]]>
    </line>
    <line>
      <![CDATA[Clicked on radiobutton]]>
    </line>
    <line>
      <![CDATA[Email id is entered]]>
    </line>
    <line>
      <![CDATA[Entered firstrname]]>
    </line>
    <line>
      <![CDATA[Entered Last name]]>
    </line>
    <line>
      <![CDATA[Password is entered]]>
    </line>
    <line>
      <![CDATA[Entered Email]]>
    </line>
    <line>
      <![CDATA[Password Entered]]>
    </line>
    <line>
      <![CDATA[password is confirmed]]>
    </line>
    <line>
      <![CDATA[clicked on register button]]>
    </line>
    <line>
      <![CDATA[Clicked on Login button]]>
    </line>
    <line>
      <![CDATA[Homepage is displayed]]>
    </line>
    <line>
      <![CDATA[apparel and shoes page is diplayed]]>
    </line>
    <line>
      <![CDATA[By default position option should be displyed in sort by dropdown]]>
    </line>
    <line>
      <![CDATA[By default grid option should be diplayed in view as dropdown]]>
    </line>
    <line>
      <![CDATA[By default 8 should be diplayed in display dropdown]]>
    </line>
    <line>
      <![CDATA[product is displayed]]>
    </line>
    <line>
      <![CDATA[Product name should be displayed]]>
    </line>
    <line>
      <![CDATA[By default small should be displaed in size dropdown]]>
    </line>
    <line>
      <![CDATA[By default 1 should be displayed in qty textfield]]>
    </line>
    <line>
      <![CDATA[Product is added to cart  msg should be displayed]]>
    </line>
    <line>
      <![CDATA[Shopping cart text should be displayed]]>
    </line>
    <line>
      <![CDATA[Country is selected]]>
    </line>
    <line>
      <![CDATA[Zip postel code is entered]]>
    </line>
    <line>
      <![CDATA[Checkbox is checked]]>
    </line>
    <line>
      <![CDATA[check out page is diplayed]]>
    </line>
    <line>
      <![CDATA[checkout page is displayed]]>
    </line>
    <line>
      <![CDATA[Billing address is successfull]]>
    </line>
    <line>
      <![CDATA[clicked on instore pick up]]>
    </line>
    <line>
      <![CDATA[Shipping is successfull]]>
    </line>
    <line>
      <![CDATA[Payment methodn is successfull]]>
    </line>
    <line>
      <![CDATA[Payment info is successfull]]>
    </line>
    <line>
      <![CDATA[Ordfer is confirm]]>
    </line>
    <line>
      <![CDATA[Thank you page is displayed]]>
    </line>
    <line>
      <![CDATA[home page should be displayed]]>
    </line>
  </reporter-output>
  <suite started-at="2022-11-21T17:29:53 PST" name="Suite" finished-at="2022-11-21T17:31:01 PST" duration-ms="67737">
    <groups>
    </groups>
    <test started-at="2022-11-21T17:29:53 PST" name="Test" finished-at="2022-11-21T17:31:01 PST" duration-ms="67737">
      <class name="Test.RegisterTest">
        <test-method is-config="true" signature="BrowserSetup()[pri:0, instance:Test.RegisterTest@323b36e0]" started-at="2022-11-21T17:29:53 PST" name="BrowserSetup" finished-at="2022-11-21T17:30:30 PST" duration-ms="37063" status="PASS">
          <reporter-output>
          </reporter-output>
        </test-method> <!-- BrowserSetup -->
        <test-method signature="Register()[pri:0, instance:Test.RegisterTest@323b36e0]" started-at="2022-11-21T17:30:30 PST" name="Register" finished-at="2022-11-21T17:30:42 PST" duration-ms="11208" status="PASS">
          <reporter-output>
            <line>
              <![CDATA[Clicked on Register link]]>
            </line>
            <line>
              <![CDATA[Clicked on radiobutton]]>
            </line>
            <line>
              <![CDATA[Entered firstrname]]>
            </line>
            <line>
              <![CDATA[Entered Last name]]>
            </line>
            <line>
              <![CDATA[Entered Email]]>
            </line>
            <line>
              <![CDATA[Password Entered]]>
            </line>
            <line>
              <![CDATA[password is confirmed]]>
            </line>
            <line>
              <![CDATA[clicked on register button]]>
            </line>
          </reporter-output>
        </test-method> <!-- Register -->
        <test-method is-config="true" signature="ClosingBrowser()[pri:0, instance:Test.RegisterTest@323b36e0]" started-at="2022-11-21T17:30:42 PST" name="ClosingBrowser" finished-at="2022-11-21T17:30:43 PST" duration-ms="1286" status="PASS">
          <reporter-output>
          </reporter-output>
        </test-method> <!-- ClosingBrowser -->
      </class> <!-- Test.RegisterTest -->
      <class name="Test.ApparelAndShoesTest">
        <test-method is-config="true" signature="BrowserSetup()[pri:0, instance:Test.ApparelAndShoesTest@44ebcd03]" started-at="2022-11-21T17:29:53 PST" name="BrowserSetup" finished-at="2022-11-21T17:30:30 PST" duration-ms="36824" status="PASS">
          <reporter-output>
          </reporter-output>
        </test-method> <!-- BrowserSetup -->
        <test-method signature="Apparelandshoes()[pri:0, instance:Test.ApparelAndShoesTest@44ebcd03]" started-at="2022-11-21T17:30:30 PST" name="Apparelandshoes" finished-at="2022-11-21T17:30:52 PST" duration-ms="21536" status="PASS">
          <reporter-output>
            <line>
              <![CDATA[Login page is displayed]]>
            </line>
            <line>
              <![CDATA[Email id is entered]]>
            </line>
            <line>
              <![CDATA[Password is entered]]>
            </line>
            <line>
              <![CDATA[Clicked on Login button]]>
            </line>
            <line>
              <![CDATA[Homepage is displayed]]>
            </line>
            <line>
              <![CDATA[apparel and shoes page is diplayed]]>
            </line>
            <line>
              <![CDATA[By default position option should be displyed in sort by dropdown]]>
            </line>
            <line>
              <![CDATA[By default grid option should be diplayed in view as dropdown]]>
            </line>
            <line>
              <![CDATA[By default 8 should be diplayed in display dropdown]]>
            </line>
            <line>
              <![CDATA[product is displayed]]>
            </line>
            <line>
              <![CDATA[Product name should be displayed]]>
            </line>
            <line>
              <![CDATA[By default small should be displaed in size dropdown]]>
            </line>
            <line>
              <![CDATA[By default 1 should be displayed in qty textfield]]>
            </line>
            <line>
              <![CDATA[Product is added to cart  msg should be displayed]]>
            </line>
          </reporter-output>
        </test-method> <!-- Apparelandshoes -->
        <test-method signature="shopping()[pri:0, instance:Test.ApparelAndShoesTest@44ebcd03]" started-at="2022-11-21T17:30:52 PST" name="shopping" finished-at="2022-11-21T17:31:00 PST" duration-ms="7624" status="PASS">
          <reporter-output>
            <line>
              <![CDATA[Shopping cart text should be displayed]]>
            </line>
            <line>
              <![CDATA[Country is selected]]>
            </line>
            <line>
              <![CDATA[Zip postel code is entered]]>
            </line>
            <line>
              <![CDATA[Checkbox is checked]]>
            </line>
            <line>
              <![CDATA[check out page is diplayed]]>
            </line>
            <line>
              <![CDATA[checkout page is displayed]]>
            </line>
            <line>
              <![CDATA[Billing address is successfull]]>
            </line>
            <line>
              <![CDATA[clicked on instore pick up]]>
            </line>
            <line>
              <![CDATA[Shipping is successfull]]>
            </line>
            <line>
              <![CDATA[Payment methodn is successfull]]>
            </line>
            <line>
              <![CDATA[Payment info is successfull]]>
            </line>
            <line>
              <![CDATA[Ordfer is confirm]]>
            </line>
            <line>
              <![CDATA[Thank you page is displayed]]>
            </line>
            <line>
              <![CDATA[home page should be displayed]]>
            </line>
          </reporter-output>
        </test-method> <!-- shopping -->
        <test-method is-config="true" signature="ClosingBrowser()[pri:0, instance:Test.ApparelAndShoesTest@44ebcd03]" started-at="2022-11-21T17:31:00 PST" name="ClosingBrowser" finished-at="2022-11-21T17:31:01 PST" duration-ms="1433" status="PASS">
          <reporter-output>
          </reporter-output>
        </test-method> <!-- ClosingBrowser -->
      </class> <!-- Test.ApparelAndShoesTest -->
    </test> <!-- Test -->
  </suite> <!-- Suite -->
</testng-results>
